<?xml version="1.0" encoding="UTF-8"?>
<!-- Generated by org.testng.reporters.JUnitReportReporter -->
<testsuite skipped="0" hostname="DESKTOP-5HMC83B" name="Test01" tests="1" failures="0" timestamp="08 Oct 2020 05:31:05 GMT" time="0.016" errors="0">
  <testcase name="first_test" time="0.016" classname="Test01"/>
</testsuite> <!-- Test01 -->
